-------------------------------------------------------------------------------
Test set: com.paypal.bfs.test.employeeserv.impl.EmployeeRestCodesTest
-------------------------------------------------------------------------------
Tests run: 2, Failures: 1, Errors: 0, Skipped: 0, Time elapsed: 8.522 s <<< FAILURE! - in com.paypal.bfs.test.employeeserv.impl.EmployeeRestCodesTest
invalidEmployee_save_400(com.paypal.bfs.test.employeeserv.impl.EmployeeRestCodesTest)  Time elapsed: 0.324 s  <<< FAILURE!
java.lang.AssertionError: Actual string is null.
	at com.paypal.bfs.test.employeeserv.impl.EmployeeRestCodesTest.invalidEmployee_save_400(EmployeeRestCodesTest.java:137)

