<?xml version="1.0" encoding="UTF-8"?>
<testsuite xmlns:xsi="http://www.w3.org/2001/XMLSchema-instance" xsi:noNamespaceSchemaLocation="https://maven.apache.org/surefire/maven-surefire-plugin/xsd/surefire-test-report.xsd" name="com.paypal.bfs.test.employeeserv.impl.EmployeeRestCodesTest" time="8.522" tests="2" errors="0" skipped="0" failures="1">
  <properties>
[...]
</properties>
  <testcase name="invalidEmployee_save_400" classname="com.paypal.bfs.test.employeeserv.impl.EmployeeRestCodesTest" time="0.324">
    <failure message="Actual string is null." type="java.lang.AssertionError">java.lang.AssertionError: Actual string is null.
	at com.paypal.bfs.test.employeeserv.impl.EmployeeRestCodesTest.invalidEmployee_save_400(EmployeeRestCodesTest.java:137)
</failure>
    <system-out><![CDATA[03:21:48.404 [main] DEBUG org.springframework.test.context.junit4.SpringJUnit4ClassRunner - SpringJUnit4ClassRunner constructor called with [class com.paypal.bfs.test.employeeserv.impl.EmployeeRestCodesTest]
03:21:48.405 [main] DEBUG org.springframework.test.context.BootstrapUtils - Instantiating CacheAwareContextLoaderDelegate from class [org.springframework.test.context.cache.DefaultCacheAwareContextLoaderDelegate]
03:21:48.409 [main] DEBUG org.springframework.test.context.BootstrapUtils - Instantiating BootstrapContext using constructor [public org.springframework.test.context.support.DefaultBootstrapContext(java.lang.Class,org.springframework.test.context.CacheAwareContextLoaderDelegate)]
03:21:48.412 [main] DEBUG org.springframework.test.context.BootstrapUtils - Instantiating TestContextBootstrapper for test class [com.paypal.bfs.test.employeeserv.impl.EmployeeRestCodesTest] from class [org.springframework.boot.test.context.SpringBootTestContextBootstrapper]
03:21:48.416 [main] INFO org.springframework.boot.test.context.SpringBootTestContextBootstrapper - Neither @ContextConfiguration nor @ContextHierarchy found for test class [com.paypal.bfs.test.employeeserv.impl.EmployeeRestCodesTest], using SpringBootContextLoader
03:21:48.421 [main] DEBUG org.springframework.test.context.support.AbstractContextLoader - Did not detect default resource location for test class [com.paypal.bfs.test.employeeserv.impl.EmployeeRestCodesTest]: class path resource [com/paypal/bfs/test/employeeserv/impl/EmployeeRestCodesTest-context.xml] does not exist
03:21:48.421 [main] DEBUG org.springframework.test.context.support.AbstractContextLoader - Did not detect default resource location for test class [com.paypal.bfs.test.employeeserv.impl.EmployeeRestCodesTest]: class path resource [com/paypal/bfs/test/employeeserv/impl/EmployeeRestCodesTestContext.groovy] does not exist
03:21:48.422 [main] INFO org.springframework.test.context.support.AbstractContextLoader - Could not detect default resource locations for test class [com.paypal.bfs.test.employeeserv.impl.EmployeeRestCodesTest]: no resource found for suffixes {-context.xml, Context.groovy}.
03:21:48.422 [main] INFO org.springframework.test.context.support.AnnotationConfigContextLoaderUtils - Could not detect default configuration classes for test class [com.paypal.bfs.test.employeeserv.impl.EmployeeRestCodesTest]: EmployeeRestCodesTest does not declare any static, non-private, non-final, nested classes annotated with @Configuration.
03:21:48.424 [main] DEBUG org.springframework.test.context.support.ActiveProfilesUtils - Could not find an 'annotation declaring class' for annotation type [org.springframework.test.context.ActiveProfiles] and class [com.paypal.bfs.test.employeeserv.impl.EmployeeRestCodesTest]
03:21:48.520 [main] DEBUG org.springframework.context.annotation.ClassPathScanningCandidateComponentProvider - Identified candidate component class: file [C:\Users\pc09750\Downloads\Mayuri\final\employeeserv-master\employeeserv-master\employeeservImplementation\target\classes\com\paypal\bfs\test\employeeserv\EmployeeServApplication.class]
03:21:48.521 [main] INFO org.springframework.boot.test.context.SpringBootTestContextBootstrapper - Found @SpringBootConfiguration com.paypal.bfs.test.employeeserv.EmployeeServApplication for test class com.paypal.bfs.test.employeeserv.impl.EmployeeRestCodesTest
03:21:48.575 [main] DEBUG org.springframework.boot.test.context.SpringBootTestContextBootstrapper - @TestExecutionListeners is not present for class [com.paypal.bfs.test.employeeserv.impl.EmployeeRestCodesTest]: using defaults.
03:21:48.576 [main] INFO org.springframework.boot.test.context.SpringBootTestContextBootstrapper - Loaded default TestExecutionListener class names from location [META-INF/spring.factories]: [org.springframework.boot.test.mock.mockito.MockitoTestExecutionListener, org.springframework.boot.test.mock.mockito.ResetMocksTestExecutionListener, org.springframework.boot.test.autoconfigure.restdocs.RestDocsTestExecutionListener, org.springframework.boot.test.autoconfigure.web.client.MockRestServiceServerResetTestExecutionListener, org.springframework.boot.test.autoconfigure.web.servlet.MockMvcPrintOnlyOnFailureTestExecutionListener, org.springframework.boot.test.autoconfigure.web.servlet.WebDriverTestExecutionListener, org.springframework.test.context.web.ServletTestExecutionListener, org.springframework.test.context.support.DirtiesContextBeforeModesTestExecutionListener, org.springframework.test.context.support.DependencyInjectionTestExecutionListener, org.springframework.test.context.support.DirtiesContextTestExecutionListener, org.springframework.test.context.transaction.TransactionalTestExecutionListener, org.springframework.test.context.jdbc.SqlScriptsTestExecutionListener]
03:21:48.579 [main] INFO org.springframework.boot.test.context.SpringBootTestContextBootstrapper - Using TestExecutionListeners: [org.springframework.test.context.web.ServletTestExecutionListener@53b1a3f8, org.springframework.test.context.support.DirtiesContextBeforeModesTestExecutionListener@7d97e06c, org.springframework.boot.test.mock.mockito.MockitoTestExecutionListener@5a936e64, org.springframework.boot.test.autoconfigure.SpringBootDependencyInjectionTestExecutionListener@3b4a1a75, org.springframework.test.context.support.DirtiesContextTestExecutionListener@65bad087, org.springframework.test.context.transaction.TransactionalTestExecutionListener@276cc8dc, org.springframework.test.context.jdbc.SqlScriptsTestExecutionListener@66cd621b, org.springframework.boot.test.mock.mockito.ResetMocksTestExecutionListener@d3f4505, org.springframework.boot.test.autoconfigure.restdocs.RestDocsTestExecutionListener@3eb292cd, org.springframework.boot.test.autoconfigure.web.client.MockRestServiceServerResetTestExecutionListener@7fd987ef, org.springframework.boot.test.autoconfigure.web.servlet.MockMvcPrintOnlyOnFailureTestExecutionListener@7209ffb5, org.springframework.boot.test.autoconfigure.web.servlet.WebDriverTestExecutionListener@5e99b9c]
03:21:48.579 [main] DEBUG org.springframework.test.annotation.ProfileValueUtils - Retrieved @ProfileValueSourceConfiguration [null] for test class [com.paypal.bfs.test.employeeserv.impl.EmployeeRestCodesTest]
03:21:48.579 [main] DEBUG org.springframework.test.annotation.ProfileValueUtils - Retrieved ProfileValueSource type [class org.springframework.test.annotation.SystemProfileValueSource] for class [com.paypal.bfs.test.employeeserv.impl.EmployeeRestCodesTest]
03:21:48.580 [main] DEBUG org.springframework.test.annotation.ProfileValueUtils - Retrieved @ProfileValueSourceConfiguration [null] for test class [com.paypal.bfs.test.employeeserv.impl.EmployeeRestCodesTest]
03:21:48.580 [main] DEBUG org.springframework.test.annotation.ProfileValueUtils - Retrieved ProfileValueSource type [class org.springframework.test.annotation.SystemProfileValueSource] for class [com.paypal.bfs.test.employeeserv.impl.EmployeeRestCodesTest]
03:21:48.580 [main] DEBUG org.springframework.test.annotation.ProfileValueUtils - Retrieved @ProfileValueSourceConfiguration [null] for test class [com.paypal.bfs.test.employeeserv.impl.EmployeeRestCodesTest]
03:21:48.580 [main] DEBUG org.springframework.test.annotation.ProfileValueUtils - Retrieved ProfileValueSource type [class org.springframework.test.annotation.SystemProfileValueSource] for class [com.paypal.bfs.test.employeeserv.impl.EmployeeRestCodesTest]
03:21:48.581 [main] DEBUG org.springframework.test.context.support.AbstractDirtiesContextTestExecutionListener - Before test class: context [DefaultTestContext@2fe74516 testClass = EmployeeRestCodesTest, testInstance = [null], testMethod = [null], testException = [null], mergedContextConfiguration = [WebMergedContextConfiguration@1c3259fa testClass = EmployeeRestCodesTest, locations = '{}', classes = '{class com.paypal.bfs.test.employeeserv.EmployeeServApplication}', contextInitializerClasses = '[]', activeProfiles = '{}', propertySourceLocations = '{}', propertySourceProperties = '{org.springframework.boot.test.context.SpringBootTestContextBootstrapper=true, server.port=0}', contextCustomizers = set[org.springframework.boot.test.context.filter.ExcludeFilterContextCustomizer@5e82df6a, org.springframework.boot.test.json.DuplicateJsonObjectContextCustomizerFactory$DuplicateJsonObjectContextCustomizer@50a638b5, org.springframework.boot.test.mock.mockito.MockitoContextCustomizer@0, org.springframework.boot.test.web.client.TestRestTemplateContextCustomizer@2e7157c7, org.springframework.boot.test.autoconfigure.properties.PropertyMappingContextCustomizer@0, org.springframework.boot.test.autoconfigure.web.servlet.WebDriverContextCustomizerFactory$Customizer@6e171cd7], resourceBasePath = 'src/main/webapp', contextLoader = 'org.springframework.boot.test.context.SpringBootContextLoader', parent = [null]], attributes = map['org.springframework.test.context.web.ServletTestExecutionListener.activateListener' -> false]], class annotated with @DirtiesContext [false] with mode [null].
03:21:48.590 [main] DEBUG org.springframework.test.annotation.ProfileValueUtils - Retrieved @ProfileValueSourceConfiguration [null] for test class [com.paypal.bfs.test.employeeserv.impl.EmployeeRestCodesTest]
03:21:48.590 [main] DEBUG org.springframework.test.annotation.ProfileValueUtils - Retrieved ProfileValueSource type [class org.springframework.test.annotation.SystemProfileValueSource] for class [com.paypal.bfs.test.employeeserv.impl.EmployeeRestCodesTest]
03:21:48.591 [main] DEBUG org.springframework.test.context.support.DependencyInjectionTestExecutionListener - Performing dependency injection for test context [[DefaultTestContext@2fe74516 testClass = EmployeeRestCodesTest, testInstance = com.paypal.bfs.test.employeeserv.impl.EmployeeRestCodesTest@6807a356, testMethod = [null], testException = [null], mergedContextConfiguration = [WebMergedContextConfiguration@1c3259fa testClass = EmployeeRestCodesTest, locations = '{}', classes = '{class com.paypal.bfs.test.employeeserv.EmployeeServApplication}', contextInitializerClasses = '[]', activeProfiles = '{}', propertySourceLocations = '{}', propertySourceProperties = '{org.springframework.boot.test.context.SpringBootTestContextBootstrapper=true, server.port=0}', contextCustomizers = set[org.springframework.boot.test.context.filter.ExcludeFilterContextCustomizer@5e82df6a, org.springframework.boot.test.json.DuplicateJsonObjectContextCustomizerFactory$DuplicateJsonObjectContextCustomizer@50a638b5, org.springframework.boot.test.mock.mockito.MockitoContextCustomizer@0, org.springframework.boot.test.web.client.TestRestTemplateContextCustomizer@2e7157c7, org.springframework.boot.test.autoconfigure.properties.PropertyMappingContextCustomizer@0, org.springframework.boot.test.autoconfigure.web.servlet.WebDriverContextCustomizerFactory$Customizer@6e171cd7], resourceBasePath = 'src/main/webapp', contextLoader = 'org.springframework.boot.test.context.SpringBootContextLoader', parent = [null]], attributes = map['org.springframework.test.context.web.ServletTestExecutionListener.activateListener' -> false]]].
03:21:48.626 [main] DEBUG org.springframework.test.context.support.TestPropertySourceUtils - Adding inlined properties to environment: {spring.jmx.enabled=false, org.springframework.boot.test.context.SpringBootTestContextBootstrapper=true, server.port=0}

  .   ____          _            __ _ _
 /\\ / ___'_ __ _ _(_)_ __  __ _ \ \ \ \
( ( )\___ | '_ | '_| | '_ \/ _` | \ \ \ \
 \\/  ___)| |_)| | | | | || (_| |  ) ) ) )
  '  |____| .__|_| |_|_| |_\__, | / / / /
 =========|_|==============|___/=/_/_/_/
 :: Spring Boot ::        (v2.1.9.RELEASE)

2020-09-08 03:21:49.283  INFO 15892 --- [           main] c.p.b.t.e.impl.EmployeeRestCodesTest     : Starting EmployeeRestCodesTest on PCF4RRWT2 with PID 15892 (started by pc09750 in C:\Users\pc09750\Downloads\Mayuri\final\employeeserv-master\employeeserv-master\employeeservImplementation)
2020-09-08 03:21:49.285  INFO 15892 --- [           main] c.p.b.t.e.impl.EmployeeRestCodesTest     : No active profile set, falling back to default profiles: default
2020-09-08 03:21:50.171  INFO 15892 --- [           main] .s.d.r.c.RepositoryConfigurationDelegate : Bootstrapping Spring Data repositories in DEFAULT mode.
2020-09-08 03:21:50.313  INFO 15892 --- [           main] .s.d.r.c.RepositoryConfigurationDelegate : Finished Spring Data repository scanning in 130ms. Found 1 repository interfaces.
2020-09-08 03:21:50.935  INFO 15892 --- [           main] trationDelegate$BeanPostProcessorChecker : Bean 'org.springframework.transaction.annotation.ProxyTransactionManagementConfiguration' of type [org.springframework.transaction.annotation.ProxyTransactionManagementConfiguration$$EnhancerBySpringCGLIB$$90dbe87e] is not eligible for getting processed by all BeanPostProcessors (for example: not eligible for auto-proxying)
2020-09-08 03:21:51.624  INFO 15892 --- [           main] o.s.b.w.embedded.tomcat.TomcatWebServer  : Tomcat initialized with port(s): 0 (http)
2020-09-08 03:21:51.667  INFO 15892 --- [           main] o.apache.catalina.core.StandardService   : Starting service [Tomcat]
2020-09-08 03:21:51.667  INFO 15892 --- [           main] org.apache.catalina.core.StandardEngine  : Starting Servlet engine: [Apache Tomcat/9.0.26]
2020-09-08 03:21:51.900  INFO 15892 --- [           main] o.a.c.c.C.[Tomcat].[localhost].[/]       : Initializing Spring embedded WebApplicationContext
2020-09-08 03:21:51.900  INFO 15892 --- [           main] o.s.web.context.ContextLoader            : Root WebApplicationContext: initialization completed in 2580 ms
2020-09-08 03:21:52.246  INFO 15892 --- [           main] com.zaxxer.hikari.HikariDataSource       : HikariPool-1 - Starting...
2020-09-08 03:21:52.622  INFO 15892 --- [           main] com.zaxxer.hikari.HikariDataSource       : HikariPool-1 - Start completed.
2020-09-08 03:21:52.824  INFO 15892 --- [           main] o.hibernate.jpa.internal.util.LogHelper  : HHH000204: Processing PersistenceUnitInfo [
	name: default
	...]
2020-09-08 03:21:52.957  INFO 15892 --- [           main] org.hibernate.Version                    : HHH000412: Hibernate Core {5.3.12.Final}
2020-09-08 03:21:52.960  INFO 15892 --- [           main] org.hibernate.cfg.Environment            : HHH000206: hibernate.properties not found
2020-09-08 03:21:53.026  INFO 15892 --- [           main] o.hibernate.annotations.common.Version   : HCANN000001: Hibernate Commons Annotations {5.0.4.Final}
2020-09-08 03:21:53.256  INFO 15892 --- [           main] org.hibernate.dialect.Dialect            : HHH000400: Using dialect: org.hibernate.dialect.H2Dialect
2020-09-08 03:21:54.140  INFO 15892 --- [           main] o.h.t.schema.internal.SchemaCreatorImpl  : HHH000476: Executing import script 'org.hibernate.tool.schema.internal.exec.ScriptSourceInputNonExistentImpl@256c6f7a'
2020-09-08 03:21:54.151  INFO 15892 --- [           main] j.LocalContainerEntityManagerFactoryBean : Initialized JPA EntityManagerFactory for persistence unit 'default'
2020-09-08 03:21:55.657  INFO 15892 --- [           main] o.s.s.concurrent.ThreadPoolTaskExecutor  : Initializing ExecutorService 'applicationTaskExecutor'
2020-09-08 03:21:55.711  WARN 15892 --- [           main] aWebConfiguration$JpaWebMvcConfiguration : spring.jpa.open-in-view is enabled by default. Therefore, database queries may be performed during view rendering. Explicitly configure spring.jpa.open-in-view to disable this warning
2020-09-08 03:21:56.413  INFO 15892 --- [           main] o.s.b.w.embedded.tomcat.TomcatWebServer  : Tomcat started on port(s): 60853 (http) with context path ''
2020-09-08 03:21:56.419  INFO 15892 --- [           main] c.p.b.t.e.impl.EmployeeRestCodesTest     : Started EmployeeRestCodesTest in 7.791 seconds (JVM running for 11.639)
2020-09-08 03:21:56.607  INFO 15892 --- [o-auto-1-exec-1] o.a.c.c.C.[Tomcat].[localhost].[/]       : Initializing Spring DispatcherServlet 'dispatcherServlet'
2020-09-08 03:21:56.609  INFO 15892 --- [o-auto-1-exec-1] o.s.web.servlet.DispatcherServlet        : Initializing Servlet 'dispatcherServlet'
2020-09-08 03:21:56.650  INFO 15892 --- [o-auto-1-exec-1] o.s.web.servlet.DispatcherServlet        : Completed initialization in 41 ms
]]></system-out>
  </testcase>
  <testcase name="emptyEmployee_emptyAddress_save_400" classname="com.paypal.bfs.test.employeeserv.impl.EmployeeRestCodesTest" time="0.243"/>
</testsuite>